Checking whether the CUDA compiler is NVIDIA using "" did not match "nvcc: NVIDIA \(R\) Cuda compiler driver":
Checking whether the CUDA compiler is Clang using "" did not match "(clang version)":
Checking whether the CUDA compiler is NVIDIA using "" did not match "nvcc: NVIDIA \(R\) Cuda compiler driver":
Checking whether the CUDA compiler is Clang using "" did not match "(clang version)":
Checking whether the CUDA compiler is NVIDIA using "" did not match "nvcc: NVIDIA \(R\) Cuda compiler driver":
Checking whether the CUDA compiler is Clang using "" did not match "(clang version)":
Detecting CUDA compiler ABI info failed to compile with the following output:
Change Dir: /home/atharva/Documents/ReductionResnet/CMakeFiles/CMakeTmp

Run Build Command(s):/usr/bin/gmake cmTC_eba59/fast && /usr/bin/gmake  -f CMakeFiles/cmTC_eba59.dir/build.make CMakeFiles/cmTC_eba59.dir/build
gmake[1]: Entering directory '/home/atharva/Documents/ReductionResnet/CMakeFiles/CMakeTmp'
Building C object CMakeFiles/cmTC_eba59.dir/src.c.o
/usr/bin/cc   -DCMAKE_HAVE_LIBC_PTHREAD -o CMakeFiles/cmTC_eba59.dir/src.c.o -c /home/atharva/Documents/ReductionResnet/CMakeFiles/CMakeTmp/src.c
Linking C executable cmTC_eba59
/usr/bin/cmake -E cmake_link_script CMakeFiles/cmTC_eba59.dir/link.txt --verbose=1
/usr/bin/cc  -DCMAKE_HAVE_LIBC_PTHREAD CMakeFiles/cmTC_eba59.dir/src.c.o -o cmTC_eba59 
gmake[1]: Leaving directory '/home/atharva/Documents/ReductionResnet/CMakeFiles/CMakeTmp'




Determining if the CUDA compiler works failed with the following output:


Checking whether the CUDA compiler is NVIDIA using "" did not match "nvcc: NVIDIA \(R\) Cuda compiler driver":
Checking whether the CUDA compiler is Clang using "" did not match "(clang version)":
Checking whether the CUDA compiler is NVIDIA using "" did not match "nvcc: NVIDIA \(R\) Cuda compiler driver":
Checking whether the CUDA compiler is Clang using "" did not match "(clang version)":
Checking whether the CUDA compiler is NVIDIA using "" did not match "nvcc: NVIDIA \(R\) Cuda compiler driver":
Checking whether the CUDA compiler is Clang using "" did not match "(clang version)":
Detecting CUDA compiler ABI info failed to compile with the following output:



Determining if the CUDA compiler works failed with the following output:


